//  Catapult Ultra Synthesis 10.5c/896140 (Production Release) Sun Sep  6 22:45:38 PDT 2020
//  
//  Copyright (c) Mentor Graphics Corporation, 1996-2020, All Rights Reserved.
//                        UNPUBLISHED, LICENSED SOFTWARE.
//             CONFIDENTIAL AND PROPRIETARY INFORMATION WHICH IS THE
//                 PROPERTY OF MENTOR GRAPHICS OR ITS LICENSORS
//  
//  Running on Linux yl7897@newnano.poly.edu 3.10.0-1062.4.1.el7.x86_64 x86_64 aol
//  
//  Package information: SIFLIBS v23.5_3.0, HLS_PKGS v23.5_3.0, 
//                       SIF_TOOLKITS v23.5_3.0, SIF_XILINX v23.5_3.0, 
//                       SIF_ALTERA v23.5_3.0, CCS_LIBS v23.5_3.0, 
//                       CDS_PPRO v10.3c_2, CDS_DesigChecker v10.5c, 
//                       CDS_OASYS v19.1_3.7, CDS_PSR v20.1_0.0, 
//                       DesignPad v2.78_1.0
//  
//  Start time Thu Aug 19 17:22:47 2021
# -------------------------------------------------
# Logging session transcript to file "/tmp/log12540542b841c.0"
# Loading options from '$HOME/.catapult/10.5c-896140.aol.reg'.
project load /home/yl7897/NTT_Xilinx/Catapult/inplaceNTT_DIT_precomp/Catapult_1.ccs
# Moving session transcript to file "/home/yl7897/NTT_Xilinx/Catapult/inplaceNTT_DIT_precomp/catapult.log"
go assembly
directive set /inPlaceNTT_DIT_precomp/vec:rsc -INTERLEAVE 4
# Info: Branching solution 'inPlaceNTT_DIT_precomp.v8' at state 'assembly' (PRJ-2)
# Makefile for Original Design + Testbench written to file './scverify/Verify_orig_cxx_osci.mk'
# Info: CDesignChecker Shell script written to '/home/yl7897/NTT_Xilinx/Catapult/inplaceNTT_DIT_precomp/Catapult_1/inPlaceNTT_DIT_precomp.v8/CDesignChecker/design_checker.sh'
